#
# A fatal error has been detected by the Java Runtime Environment:
#
#  EXCEPTION_ACCESS_VIOLATION (0xc0000005) at pc=0x00007ffc6baf4ab4, pid=33656, tid=34424
#
# JRE version: Java(TM) SE Runtime Environment (17.0.12+8) (build 17.0.12+8-LTS-286)
# Java VM: Java HotSpot(TM) 64-Bit Server VM (17.0.12+8-LTS-286, mixed mode, sharing, tiered, compressed oops, compressed class ptrs, g1 gc, windows-amd64)
# Problematic frame:
# V  [jvm.dll+0x314ab4]
#
# No core dump will be written. Minidumps are not enabled by default on client versions of Windows
#
# If you would like to submit a bug report, please visit:
#   https://bugreport.java.com/bugreport/crash.jsp
#

---------------  S U M M A R Y ------------

Command Line: -Dfile.encoding=windows-1252 -Duser.country=AU -Duser.language=en -Duser.variant org.jdbg.Main

Host: AMD Ryzen 7 5800X 8-Core Processor             , 8 cores, 63G,  Windows 10 , 64 bit Build 19041 (10.0.19041.5198)
Time: Sat Feb  1 13:33:43 2025 AUS Eastern Daylight Time elapsed time: 26.144434 seconds (0d 0h 0m 26s)

---------------  T H R E A D  ---------------

Current thread (0x00000183ced78dd0):  GCTaskThread "GC Thread#7" [stack: 0x000000602b500000,0x000000602b600000] [id=34424]

Stack: [0x000000602b500000,0x000000602b600000],  sp=0x000000602b5ff730,  free space=1021k
Native frames: (J=compiled Java code, j=interpreted, Vv=VM code, C=native code)
V  [jvm.dll+0x314ab4]
V  [jvm.dll+0x40a6ea]
V  [jvm.dll+0x78e801]
V  [jvm.dll+0x78e557]
V  [jvm.dll+0x78ebd6]
V  [jvm.dll+0x31513c]
V  [jvm.dll+0x314fca]
V  [jvm.dll+0x2dc634]
V  [jvm.dll+0x2ddf0b]
V  [jvm.dll+0x80832b]
V  [jvm.dll+0x808376]
V  [jvm.dll+0x78abea]
V  [jvm.dll+0x678f35]
C  [ucrtbase.dll+0x21bb2]
C  [KERNEL32.DLL+0x17374]
C  [ntdll.dll+0x4cc91]

JavaThread 0x00000183c532c500 (nid = 34636) was being processed

siginfo: EXCEPTION_ACCESS_VIOLATION (0xc0000005), reading address 0x00000000000002c0


Registers:
RAX=0x0000000000000000, RBX=0x00000183cf545438, RCX=0x0000000000000017, RDX=0x0000000000000000
RSP=0x000000602b5ff730, RBP=0x0000018376eca670, RSI=0x00000183cf921730, RDI=0x00000183cf921790
R8 =0x0000000000000000, R9 =0x0000018376edb620, R10=0x00000000000002c0, R11=0x00007ffc709015d5
R12=0x000001837f768968, R13=0x00000000000003d8, R14=0x00000183cf545438, R15=0x00000183cf5454e0
RIP=0x00007ffc6baf4ab4, EFLAGS=0x0000000000010246


Register to memory mapping:

RIP=0x00007ffc6baf4ab4 jvm.dll
RAX=0x0 is NULL
RBX=0x00000183cf545438 points into unknown readable memory: 0x00007ffc6c0e0a28 | 28 0a 0e 6c fc 7f 00 00
RCX=0x0000000000000017 is an unknown value
RDX=0x0 is NULL
RSP=0x000000602b5ff730 points into unknown readable memory: 0x0000000000000000 | 00 00 00 00 00 00 00 00
RBP=0x0000018376eca670 points into unknown readable memory: 0x0000000406ad9bb8 | b8 9b ad 06 04 00 00 00
RSI=0x00000183cf921730 points into unknown readable memory: 0x0000000406b7a370 | 70 a3 b7 06 04 00 00 00
RDI=0x00000183cf921790 points into unknown readable memory: 0x00000000000002c0 | c0 02 00 00 00 00 00 00
R8 =0x0 is NULL
R9 =0x0000018376edb620 points into unknown readable memory: 0x00007ffc6c0d85d0 | d0 85 0d 6c fc 7f 00 00
R10=0x00000000000002c0 is an unknown value
R11=0x00007ffc709015d5 VCRUNTIME140.dll
R12=0x000001837f768968 points into unknown readable memory: 0x89000c00fe80a3d4 | d4 a3 80 fe 00 0c 00 89
R13=0x00000000000003d8 is an unknown value
R14=0x00000183cf545438 points into unknown readable memory: 0x00007ffc6c0e0a28 | 28 0a 0e 6c fc 7f 00 00
R15=0x00000183cf5454e0 points into unknown readable memory: 0x00007ffc6c0e0a18 | 18 0a 0e 6c fc 7f 00 00


Top of Stack: (sp=0x000000602b5ff730)
0x000000602b5ff730:   0000000000000000 00007ffda0570001
0x000000602b5ff740:   0000000000000008 0000000000000001
0x000000602b5ff750:   000000000000000c 00007ffc6bbea6ea
0x000000602b5ff760:   00000183cf921790 0000000000000000
0x000000602b5ff770:   0000000000000000 0000018374e44ec0
0x000000602b5ff780:   00000183c532c500 00007ffc6bf6e801
0x000000602b5ff790:   00000183ced78dd0 00000183cf5454e0
0x000000602b5ff7a0:   00000183cf545438 00000183cf545438
0x000000602b5ff7b0:   00000060293fe9f0 00000183cf545430
0x000000602b5ff7c0:   00000183c532c500 00007ffc6bf6e557
0x000000602b5ff7d0:   00000183ced78dd0 00000183cf545438
0x000000602b5ff7e0:   000000208e4a1188 000000602b5ff8a9
0x000000602b5ff7f0:   0000000000000005 00007ffc6bf6ebd6
0x000000602b5ff800:   00000183cfb7fd88 00000183cf2c5c10
0x000000602b5ff810:   00000183cfb7fd90 0000000000000000
0x000000602b5ff820:   00007ffc6c142990 00000183cf545438 

Instructions: (pc=0x00007ffc6baf4ab4)
0x00007ffc6baf49b4:   c0 4c 2b 05 f4 c8 78 00 8b 0d f6 c8 78 00 49 d3
0x00007ffc6baf49c4:   e8 44 89 06 e9 83 00 00 00 3c fe 75 41 41 8b 88
0x00007ffc6baf49d4:   c0 01 00 00 48 8b d7 49 8b 80 b8 01 00 00 48 d3
0x00007ffc6baf49e4:   e0 8b 0d 85 4e 7f 00 48 2b d0 49 8b 80 70 03 00
0x00007ffc6baf49f4:   00 48 d3 ea 8b ca 80 3c 08 00 74 22 c6 04 08 00
0x00007ffc6baf4a04:   49 8b 80 70 05 00 00 c6 44 48 01 ff eb 10 3c fd
0x00007ffc6baf4a14:   75 0c 48 8b 4b 10 48 8b d6 e8 5e f3 ff ff 4c 8b
0x00007ffc6baf4a24:   53 28 48 8b c7 8b 53 18 4c 8b cf 4d 8b 42 08 41
0x00007ffc6baf4a34:   8b 88 c0 01 00 00 4d 8b 80 b0 01 00 00 48 d3 e8
0x00007ffc6baf4a44:   49 8b ca 4d 8b 04 c0 e8 80 ee fb ff 48 8b 4b 10
0x00007ffc6baf4a54:   e8 57 ce fe ff 48 8b 7c 24 30 48 8b 5c 24 38 48
0x00007ffc6baf4a64:   83 c4 20 5e c3 cc cc cc cc cc cc cc 48 89 5c 24
0x00007ffc6baf4a74:   08 57 48 83 ec 20 4c 8b 12 48 8b fa 48 8b d9 4d
0x00007ffc6baf4a84:   85 d2 0f 84 c9 00 00 00 4c 8b 49 08 4d 8b c2 49
0x00007ffc6baf4a94:   8b 81 80 05 00 00 41 8b 89 90 05 00 00 49 d3 e8
0x00007ffc6baf4aa4:   42 0f b7 14 40 0f b7 c2 66 c1 e8 08 84 c0 78 45
0x00007ffc6baf4ab4:   49 8b 0a 0f b6 c1 24 03 3c 03 75 22 80 3d 1a 45
0x00007ffc6baf4ac4:   7f 00 00 74 10 0f b6 c1 24 07 3c 05 75 07 33 c9
0x00007ffc6baf4ad4:   48 89 0f eb 73 48 83 e1 fc 48 89 0f eb 6a 4c 8b
0x00007ffc6baf4ae4:   c9 4d 8b c2 48 8b 4b 10 e8 6f ef fe ff 48 8b c8
0x00007ffc6baf4af4:   48 89 07 eb 53 3c fe 75 3f 41 8b 89 c0 01 00 00
0x00007ffc6baf4b04:   49 8b 81 b8 01 00 00 48 d3 e0 8b 0d 5c 4d 7f 00
0x00007ffc6baf4b14:   4c 2b d0 49 8b 81 70 03 00 00 49 d3 ea 41 8b ca
0x00007ffc6baf4b24:   80 3c 08 00 74 22 c6 04 08 00 49 8b 81 70 05 00
0x00007ffc6baf4b34:   00 c6 44 48 01 ff eb 10 3c fd 75 0c 48 8b 4b 10
0x00007ffc6baf4b44:   48 8b d7 e8 e4 f1 ff ff 48 8b 4b 10 e8 5b cd fe
0x00007ffc6baf4b54:   ff 48 8b 5c 24 30 48 83 c4 20 5f c3 48 89 5c 24
0x00007ffc6baf4b64:   08 57 48 83 ec 20 8b 02 48 8b fa 48 8b d9 85 c0
0x00007ffc6baf4b74:   0f 84 e9 00 00 00 8b 0d 38 c7 78 00 44 8b d0 4c
0x00007ffc6baf4b84:   8b 4b 08 49 d3 e2 4c 03 15 1f c7 78 00 4d 8b c2
0x00007ffc6baf4b94:   49 8b 81 80 05 00 00 41 8b 89 90 05 00 00 49 d3
0x00007ffc6baf4ba4:   e8 42 0f b7 14 40 0f b7 c2 66 c1 e8 08 84 c0 78 


Stack slot to memory mapping:
stack at sp + 0 slots: 0x0 is NULL
stack at sp + 1 slots: 0x00007ffda0570001 ntdll.dll
stack at sp + 2 slots: 0x0000000000000008 is an unknown value
stack at sp + 3 slots: 0x0000000000000001 is an unknown value
stack at sp + 4 slots: 0x000000000000000c is an unknown value
stack at sp + 5 slots: 0x00007ffc6bbea6ea jvm.dll
stack at sp + 6 slots: 0x00000183cf921790 points into unknown readable memory: 0x00000000000002c0 | c0 02 00 00 00 00 00 00
stack at sp + 7 slots: 0x0 is NULL


---------------  P R O C E S S  ---------------

Threads class SMR info:
_java_thread_list=0x00000183c6314510, length=20, elements={
0x000001837eca5e30, 0x000001837eca6bc0, 0x000001837ecba230, 0x000001837ecbbb10,
0x000001837ecbc3e0, 0x000001837ecbccb0, 0x000001837ecbd8b0, 0x000001837ecc0a30,
0x000001837f6bdfe0, 0x000001837f7ea300, 0x000001837f7f0c10, 0x00000183c509a890,
0x00000183c50ec760, 0x00000183c50ecc40, 0x00000183c51c8d90, 0x0000018376ec97f0,
0x00000183c532e360, 0x00000183c532b0c0, 0x00000183c532bae0, 0x00000183c532c500
}

Java Threads: ( => current thread )
  0x000001837eca5e30 JavaThread "Reference Handler" daemon [_thread_blocked, id=34676, stack(0x0000006029400000,0x0000006029500000)]
  0x000001837eca6bc0 JavaThread "Finalizer" daemon [_thread_blocked, id=32000, stack(0x0000006029500000,0x0000006029600000)]
  0x000001837ecba230 JavaThread "Signal Dispatcher" daemon [_thread_blocked, id=30976, stack(0x0000006029600000,0x0000006029700000)]
  0x000001837ecbbb10 JavaThread "Attach Listener" daemon [_thread_blocked, id=26852, stack(0x0000006029700000,0x0000006029800000)]
  0x000001837ecbc3e0 JavaThread "Service Thread" daemon [_thread_blocked, id=35516, stack(0x0000006029800000,0x0000006029900000)]
  0x000001837ecbccb0 JavaThread "Monitor Deflation Thread" daemon [_thread_blocked, id=34996, stack(0x0000006029900000,0x0000006029a00000)]
  0x000001837ecbd8b0 JavaThread "C2 CompilerThread0" daemon [_thread_blocked, id=22860, stack(0x0000006029a00000,0x0000006029b00000)]
  0x000001837ecc0a30 JavaThread "C1 CompilerThread0" daemon [_thread_blocked, id=22800, stack(0x0000006029b00000,0x0000006029c00000)]
  0x000001837f6bdfe0 JavaThread "Sweeper thread" daemon [_thread_blocked, id=31372, stack(0x0000006029c00000,0x0000006029d00000)]
  0x000001837f7ea300 JavaThread "Notification Thread" daemon [_thread_blocked, id=26968, stack(0x0000006029d00000,0x0000006029e00000)]
  0x000001837f7f0c10 JavaThread "Common-Cleaner" daemon [_thread_blocked, id=29064, stack(0x0000006029f00000,0x000000602a000000)]
  0x00000183c509a890 JavaThread "Java2D Disposer" daemon [_thread_blocked, id=27928, stack(0x000000602a000000,0x000000602a100000)]
  0x00000183c50ec760 JavaThread "AWT-Shutdown" [_thread_blocked, id=24728, stack(0x000000602a100000,0x000000602a200000)]
  0x00000183c50ecc40 JavaThread "AWT-Windows" daemon [_thread_in_native, id=35768, stack(0x000000602a200000,0x000000602a300000)]
  0x00000183c51c8d90 JavaThread "AWT-EventQueue-0" [_thread_blocked, id=32856, stack(0x000000602a400000,0x000000602a500000)]
  0x0000018376ec97f0 JavaThread "DestroyJavaVM" [_thread_blocked, id=23452, stack(0x0000006028d00000,0x0000006028e00000)]
  0x00000183c532e360 JavaThread "TimerQueue" daemon [_thread_blocked, id=31676, stack(0x000000602ad00000,0x000000602ae00000)]
  0x00000183c532b0c0 JavaThread "JNA Cleaner" daemon [_thread_blocked, id=23748, stack(0x000000602ae00000,0x000000602af00000)]
  0x00000183c532bae0 JavaThread "Thread-0" [_thread_in_native, id=2420, stack(0x000000602af00000,0x000000602b000000)]
  0x00000183c532c500 JavaThread "Thread-2" [_thread_in_native, id=34636, stack(0x000000602ac00000,0x000000602ad00000)]

Other Threads:
  0x000001837eca1310 VMThread "VM Thread" [stack: 0x0000006029300000,0x0000006029400000] [id=25392]
  0x0000018376f90e60 WatcherThread [stack: 0x0000006029e00000,0x0000006029f00000] [id=24596]
  0x0000018376f78980 GCTaskThread "GC Thread#0" [stack: 0x0000006028e00000,0x0000006028f00000] [id=23020]
  0x00000183cf140800 GCTaskThread "GC Thread#1" [stack: 0x000000602a900000,0x000000602aa00000] [id=33880]
  0x00000183c850e130 GCTaskThread "GC Thread#2" [stack: 0x000000602b000000,0x000000602b100000] [id=14220]
  0x00000183c850e3f0 GCTaskThread "GC Thread#3" [stack: 0x000000602b100000,0x000000602b200000] [id=35064]
  0x00000183c850eac0 GCTaskThread "GC Thread#4" [stack: 0x000000602b200000,0x000000602b300000] [id=31472]
  0x00000183c850ed80 GCTaskThread "GC Thread#5" [stack: 0x000000602b300000,0x000000602b400000] [id=26956]
  0x00000183ced77af0 GCTaskThread "GC Thread#6" [stack: 0x000000602b400000,0x000000602b500000] [id=32824]
=>0x00000183ced78dd0 GCTaskThread "GC Thread#7" [stack: 0x000000602b500000,0x000000602b600000] [id=34424]
  0x0000018376f8a320 ConcurrentGCThread "G1 Main Marker" [stack: 0x0000006028f00000,0x0000006029000000] [id=26600]
  0x0000018376f8b180 ConcurrentGCThread "G1 Conc#0" [stack: 0x0000006029000000,0x0000006029100000] [id=25144]
  0x00000183cf870320 ConcurrentGCThread "G1 Conc#1" [stack: 0x000000602a700000,0x000000602a800000] [id=30360]
  0x000001837ec7b030 ConcurrentGCThread "G1 Refine#0" [stack: 0x0000006029100000,0x0000006029200000] [id=35772]
  0x00000183cf1d6a30 ConcurrentGCThread "G1 Refine#1" [stack: 0x000000602b600000,0x000000602b700000] [id=8124]
  0x00000183c860e200 ConcurrentGCThread "G1 Refine#2" [stack: 0x000000602b700000,0x000000602b800000] [id=17508]
  0x000001837ec7b710 ConcurrentGCThread "G1 Service" [stack: 0x0000006029200000,0x0000006029300000] [id=20212]

Threads with active compile tasks:
C2 CompilerThread0    26197 4324       4       java.awt.Component::<init> (142 bytes)

VM state: at safepoint (normal execution)

VM Mutex/Monitor currently owned by a thread:  ([mutex/lock_event])
[0x0000018376ec3a60] Threads_lock - owner thread: 0x000001837eca1310
[0x0000018376ec4870] Heap_lock - owner thread: 0x00000183c51c8d90

Heap address: 0x0000000400800000, size: 16376 MB, Compressed Oops mode: Zero based, Oop shift amount: 3

CDS archive(s) mapped at: [0x0000018380000000-0x0000018380bd0000-0x0000018380bd0000), size 12386304, SharedBaseAddress: 0x0000018380000000, ArchiveRelocationMode: 1.
Compressed class space mapped at: 0x0000018381000000-0x00000183c1000000, reserved size: 1073741824
Narrow klass base: 0x0000018380000000, Narrow klass shift: 0, Narrow klass range: 0x100000000

GC Precious Log:
 CPUs: 8 total, 8 available
 Memory: 65479M
 Large Page Support: Disabled
 NUMA Support: Disabled
 Compressed Oops: Enabled (Zero based)
 Heap Region Size: 8M
 Heap Min Capacity: 8M
 Heap Initial Capacity: 1G
 Heap Max Capacity: 16376M
 Pre-touch: Disabled
 Parallel Workers: 8
 Concurrent Workers: 2
 Concurrent Refinement Workers: 8
 Periodic GC: Disabled

Heap:
 garbage-first heap   total 442368K, used 153881K [0x0000000400800000, 0x0000000800000000)
  region size 8192K, 4 young (32768K), 1 survivors (8192K)
 Metaspace       used 25533K, committed 25792K, reserved 1114112K
  class space    used 2963K, committed 3072K, reserved 1048576K

Heap Regions: E=young(eden), S=young(survivor), O=old, HS=humongous(starts), HC=humongous(continues), CS=collection set, F=free, OA=open archive, CA=closed archive, TAMS=top-at-mark-start (previous, next)
|   0|0x0000000400800000, 0x0000000401000000, 0x0000000401000000|100%|HS|  |TAMS 0x0000000401000000, 0x0000000400800000| Complete 
|   1|0x0000000401000000, 0x0000000401800000, 0x0000000401800000|100%|HC|  |TAMS 0x0000000401800000, 0x0000000401000000| Complete 
|   2|0x0000000401800000, 0x0000000402000000, 0x0000000402000000|100%|HC|  |TAMS 0x0000000402000000, 0x0000000401800000| Complete 
|   3|0x0000000402000000, 0x0000000402800000, 0x0000000402800000|100%|HC|  |TAMS 0x0000000402800000, 0x0000000402000000| Complete 
|   4|0x0000000402800000, 0x0000000403000000, 0x0000000403000000|100%|HC|  |TAMS 0x0000000403000000, 0x0000000402800000| Complete 
|   5|0x0000000403000000, 0x0000000403800000, 0x0000000403800000|100%|HC|  |TAMS 0x0000000403800000, 0x0000000403000000| Complete 
|   6|0x0000000403800000, 0x0000000404000000, 0x0000000404000000|100%|HS|  |TAMS 0x0000000404000000, 0x0000000403800000| Complete 
|   7|0x0000000404000000, 0x0000000404800000, 0x0000000404800000|100%|HC|  |TAMS 0x0000000404800000, 0x0000000404000000| Complete 
|   8|0x0000000404800000, 0x0000000405000000, 0x0000000405000000|100%|HC|  |TAMS 0x0000000405000000, 0x0000000404800000| Complete 
|   9|0x0000000405000000, 0x0000000405800000, 0x0000000405800000|100%|HC|  |TAMS 0x0000000405800000, 0x0000000405000000| Complete 
|  10|0x0000000405800000, 0x0000000406000000, 0x0000000406000000|100%|HC|  |TAMS 0x0000000406000000, 0x0000000405800000| Complete 
|  11|0x0000000406000000, 0x0000000406800000, 0x0000000406800000|100%|HC|  |TAMS 0x0000000406800000, 0x0000000406000000| Complete 
|  12|0x0000000406800000, 0x0000000407000000, 0x0000000407000000|100%| O|  |TAMS 0x0000000406ab8800, 0x0000000406800000| Untracked 
|  13|0x0000000407000000, 0x0000000407646600, 0x0000000407800000| 78%| O|  |TAMS 0x0000000407000000, 0x0000000407000000| Complete 
|  14|0x0000000407800000, 0x0000000408000000, 0x0000000408000000|100%|HS|  |TAMS 0x0000000407800000, 0x0000000407800000| Complete 
|  15|0x0000000408000000, 0x00000004080696a8, 0x0000000408800000|  5%| O|  |TAMS 0x0000000408000000, 0x0000000408000000| Untracked 
|  16|0x0000000408800000, 0x0000000408800000, 0x0000000409000000|  0%| F|  |TAMS 0x0000000408800000, 0x0000000408800000| Untracked 
|  17|0x0000000409000000, 0x0000000409000000, 0x0000000409800000|  0%| F|  |TAMS 0x0000000409000000, 0x0000000409000000| Untracked 
|  18|0x0000000409800000, 0x0000000409800000, 0x000000040a000000|  0%| F|  |TAMS 0x0000000409800000, 0x0000000409800000| Untracked 
|  19|0x000000040a000000, 0x000000040a000000, 0x000000040a800000|  0%| F|  |TAMS 0x000000040a000000, 0x000000040a000000| Untracked 
|  20|0x000000040a800000, 0x000000040a800000, 0x000000040b000000|  0%| F|  |TAMS 0x000000040a800000, 0x000000040a800000| Untracked 
|  21|0x000000040b000000, 0x000000040b000000, 0x000000040b800000|  0%| F|  |TAMS 0x000000040b000000, 0x000000040b000000| Untracked 
|  22|0x000000040b800000, 0x000000040b800000, 0x000000040c000000|  0%| F|  |TAMS 0x000000040b800000, 0x000000040b800000| Untracked 
|  23|0x000000040c000000, 0x000000040c000000, 0x000000040c800000|  0%| F|  |TAMS 0x000000040c000000, 0x000000040c000000| Untracked 
|  24|0x000000040c800000, 0x000000040c800000, 0x000000040d000000|  0%| F|  |TAMS 0x000000040c800000, 0x000000040c800000| Untracked 
|  25|0x000000040d000000, 0x000000040d000000, 0x000000040d800000|  0%| F|  |TAMS 0x000000040d000000, 0x000000040d000000| Untracked 
|  26|0x000000040d800000, 0x000000040d800000, 0x000000040e000000|  0%| F|  |TAMS 0x000000040d800000, 0x000000040d800000| Untracked 
|  27|0x000000040e000000, 0x000000040e000000, 0x000000040e800000|  0%| F|  |TAMS 0x000000040e000000, 0x000000040e000000| Untracked 
|  28|0x000000040e800000, 0x000000040e800000, 0x000000040f000000|  0%| F|  |TAMS 0x000000040e800000, 0x000000040e800000| Untracked 
|  29|0x000000040f000000, 0x000000040f000000, 0x000000040f800000|  0%| F|  |TAMS 0x000000040f000000, 0x000000040f000000| Untracked 
|  30|0x000000040f800000, 0x000000040f800000, 0x0000000410000000|  0%| F|  |TAMS 0x000000040f800000, 0x000000040f800000| Untracked 
|  31|0x0000000410000000, 0x0000000410000000, 0x0000000410800000|  0%| F|  |TAMS 0x0000000410000000, 0x0000000410000000| Untracked 
|  32|0x0000000410800000, 0x0000000410800000, 0x0000000411000000|  0%| F|  |TAMS 0x0000000410800000, 0x0000000410800000| Untracked 
|  33|0x0000000411000000, 0x0000000411000000, 0x0000000411800000|  0%| F|  |TAMS 0x0000000411000000, 0x0000000411000000| Untracked 
|  34|0x0000000411800000, 0x0000000411800000, 0x0000000412000000|  0%| F|  |TAMS 0x0000000411800000, 0x0000000411800000| Untracked 
|  35|0x0000000412000000, 0x0000000412000000, 0x0000000412800000|  0%| F|  |TAMS 0x0000000412000000, 0x0000000412000000| Untracked 
|  36|0x0000000412800000, 0x0000000412800000, 0x0000000413000000|  0%| F|  |TAMS 0x0000000412800000, 0x0000000412800000| Untracked 
|  37|0x0000000413000000, 0x0000000413000000, 0x0000000413800000|  0%| F|  |TAMS 0x0000000413000000, 0x0000000413000000| Untracked 
|  38|0x0000000413800000, 0x0000000413800000, 0x0000000414000000|  0%| F|  |TAMS 0x0000000413800000, 0x0000000413800000| Untracked 
|  39|0x0000000414000000, 0x0000000414000000, 0x0000000414800000|  0%| F|  |TAMS 0x0000000414000000, 0x0000000414000000| Untracked 
|  40|0x0000000414800000, 0x0000000414800000, 0x0000000415000000|  0%| F|  |TAMS 0x0000000414800000, 0x0000000414800000| Untracked 
|  41|0x0000000415000000, 0x0000000415000000, 0x0000000415800000|  0%| F|  |TAMS 0x0000000415000000, 0x0000000415000000| Untracked 
|  42|0x0000000415800000, 0x0000000415800000, 0x0000000416000000|  0%| F|  |TAMS 0x0000000415800000, 0x0000000415800000| Untracked 
|  43|0x0000000416000000, 0x0000000416000000, 0x0000000416800000|  0%| F|  |TAMS 0x0000000416000000, 0x0000000416000000| Untracked 
|  44|0x0000000416800000, 0x0000000416800000, 0x0000000417000000|  0%| F|  |TAMS 0x0000000416800000, 0x0000000416800000| Untracked 
|  45|0x0000000417000000, 0x0000000417000000, 0x0000000417800000|  0%| F|  |TAMS 0x0000000417000000, 0x0000000417000000| Untracked 
|  46|0x0000000417800000, 0x0000000417800000, 0x0000000418000000|  0%| F|  |TAMS 0x0000000417800000, 0x0000000417800000| Untracked 
|  47|0x0000000418000000, 0x0000000418000000, 0x0000000418800000|  0%| F|  |TAMS 0x0000000418000000, 0x0000000418000000| Untracked 
|  48|0x0000000418800000, 0x0000000418800000, 0x0000000419000000|  0%| F|  |TAMS 0x0000000418800000, 0x0000000418800000| Untracked 
|  49|0x0000000419000000, 0x0000000419348ea0, 0x0000000419800000| 41%| S|  |TAMS 0x0000000419000000, 0x0000000419000000| Complete 
|  50|0x0000000419800000, 0x000000041a000000, 0x000000041a000000|100%| E|CS|TAMS 0x0000000419800000, 0x0000000419800000| Complete 
|  51|0x000000041a000000, 0x000000041a800000, 0x000000041a800000|100%| E|CS|TAMS 0x000000041a000000, 0x000000041a000000| Complete 
| 122|0x000000043d800000, 0x000000043e000000, 0x000000043e000000|100%| E|CS|TAMS 0x000000043d800000, 0x000000043d800000| Complete 
| 127|0x0000000440000000, 0x0000000440800000, 0x0000000440800000|100%| E|CS|TAMS 0x0000000440000000, 0x0000000440000000| Complete 

Card table byte_map: [0x0000018311000000,0x0000018313000000] _byte_map_base: 0x000001830effc000

Marking Bits (Prev, Next): (CMBitMap*) 0x0000018376f79ca0, (CMBitMap*) 0x0000018376f79c60
 Prev Bits: [0x0000018324fe0000, 0x0000018334fc0000)
 Next Bits: [0x0000018315000000, 0x0000018324fe0000)

Polling page: 0x00000183766a0000

Metaspace:

Usage:
  Non-class:     22.04 MB used.
      Class:      2.89 MB used.
       Both:     24.94 MB used.

Virtual space:
  Non-class space:       64.00 MB reserved,      22.19 MB ( 35%) committed,  1 nodes.
      Class space:        1.00 GB reserved,       3.00 MB ( <1%) committed,  1 nodes.
             Both:        1.06 GB reserved,      25.19 MB (  2%) committed. 

Chunk freelists:
   Non-Class:  8.91 MB
       Class:  12.97 MB
        Both:  21.87 MB

MaxMetaspaceSize: unlimited
CompressedClassSpaceSize: 1.00 GB
Initial GC threshold: 21.00 MB
Current GC threshold: 35.31 MB
CDS: on
MetaspaceReclaimPolicy: balanced
 - commit_granule_bytes: 65536.
 - commit_granule_words: 8192.
 - virtual_space_node_default_size: 8388608.
 - enlarge_chunks_in_place: 1.
 - new_chunks_are_fully_committed: 0.
 - uncommit_free_chunks: 1.
 - use_allocation_guard: 0.
 - handle_deallocations: 1.


Internal statistics:

num_allocs_failed_limit: 3.
num_arena_births: 218.
num_arena_deaths: 0.
num_vsnodes_births: 2.
num_vsnodes_deaths: 0.
num_space_committed: 402.
num_space_uncommitted: 0.
num_chunks_returned_to_freelist: 3.
num_chunks_taken_from_freelist: 649.
num_chunk_merges: 3.
num_chunk_splits: 459.
num_chunks_enlarged: 345.
num_inconsistent_stats: 0.

CodeHeap 'non-profiled nmethods': size=120000Kb used=2475Kb max_used=2475Kb free=117524Kb
 bounds [0x0000018307ad0000, 0x0000018307d40000, 0x000001830f000000]
CodeHeap 'profiled nmethods': size=120000Kb used=8859Kb max_used=8859Kb free=111140Kb
 bounds [0x0000018300000000, 0x00000183008b0000, 0x0000018307530000]
CodeHeap 'non-nmethods': size=5760Kb used=1453Kb max_used=1507Kb free=4306Kb
 bounds [0x0000018307530000, 0x00000183077a0000, 0x0000018307ad0000]
 total_blobs=5152 nmethods=4323 adapters=739
 compilation: enabled
              stopped_count=0, restarted_count=0
 full_count=0

Compilation events (20 events):
Event: 26.123 Thread 0x000001837ecc0a30 nmethod 4314 0x00000183008a1c10 code [0x00000183008a1fa0, 0x00000183008a4188]
Event: 26.123 Thread 0x000001837ecc0a30 4315       1       com.fasterxml.jackson.databind.cfg.BaseSettings::getTypeFactory (5 bytes)
Event: 26.124 Thread 0x000001837ecc0a30 nmethod 4315 0x0000018307d3a690 code [0x0000018307d3a820, 0x0000018307d3a8f8]
Event: 26.124 Thread 0x000001837ecc0a30 4316       3       java.lang.reflect.Constructor::newInstanceWithCaller (75 bytes)
Event: 26.124 Thread 0x000001837ecc0a30 nmethod 4316 0x00000183008a4b10 code [0x00000183008a4d00, 0x00000183008a5118]
Event: 26.124 Thread 0x000001837ecc0a30 4317       3       jdk.internal.reflect.DelegatingConstructorAccessorImpl::newInstance (9 bytes)
Event: 26.124 Thread 0x000001837ecc0a30 nmethod 4317 0x00000183008a5290 code [0x00000183008a5440, 0x00000183008a5628]
Event: 26.134 Thread 0x000001837ecc0a30 4319       3       javax.swing.text.GapContent::resetMarksAtZero (66 bytes)
Event: 26.135 Thread 0x000001837ecc0a30 nmethod 4319 0x00000183008a5710 code [0x00000183008a5900, 0x00000183008a5e48]
Event: 26.135 Thread 0x000001837ecc0a30 4320       1       java.lang.Thread::getId (5 bytes)
Event: 26.135 Thread 0x000001837ecc0a30 nmethod 4320 0x0000018307d3a990 code [0x0000018307d3ab20, 0x0000018307d3abf8]
Event: 26.135 Thread 0x000001837ecc0a30 4321       3       com.fasterxml.jackson.databind.util.internal.PrivateMaxEntriesMap::readBufferIndex (7 bytes)
Event: 26.135 Thread 0x000001837ecc0a30 nmethod 4321 0x00000183008a6090 code [0x00000183008a6220, 0x00000183008a6318]
Event: 26.135 Thread 0x000001837ecc0a30 4322       3       com.fasterxml.jackson.databind.util.internal.PrivateMaxEntriesMap$Node::setPrevious (9 bytes)
Event: 26.135 Thread 0x000001837ecc0a30 nmethod 4322 0x00000183008a6390 code [0x00000183008a6540, 0x00000183008a67b8]
Event: 26.135 Thread 0x000001837ecc0a30 4323       1       com.fasterxml.jackson.databind.util.internal.PrivateMaxEntriesMap$Node::getNext (5 bytes)
Event: 26.135 Thread 0x000001837ecc0a30 nmethod 4323 0x0000018307d3ac90 code [0x0000018307d3ae20, 0x0000018307d3aef8]
Event: 26.135 Thread 0x000001837ecbd8b0 4324       4       java.awt.Component::<init> (142 bytes)
Event: 26.136 Thread 0x000001837ecc0a30 4327       3       javax.swing.AbstractAction::<init> (17 bytes)
Event: 26.136 Thread 0x000001837ecc0a30 nmethod 4327 0x00000183008a6890 code [0x00000183008a6a40, 0x00000183008a6c68]

GC Heap History (5 events):
Event: 2.854 GC heap before
{Heap before GC invocations=0 (full 0):
 garbage-first heap   total 1048576K, used 139264K [0x0000000400800000, 0x0000000800000000)
  region size 8192K, 6 young (49152K), 0 survivors (0K)
 Metaspace       used 16476K, committed 16704K, reserved 1114112K
  class space    used 1879K, committed 1984K, reserved 1048576K
}
Event: 2.858 GC heap after
{Heap after GC invocations=1 (full 0):
 garbage-first heap   total 1048576K, used 109282K [0x0000000400800000, 0x0000000800000000)
  region size 8192K, 1 young (8192K), 1 survivors (8192K)
 Metaspace       used 16476K, committed 16704K, reserved 1114112K
  class space    used 1879K, committed 1984K, reserved 1048576K
}
Event: 6.614 GC heap before
{Heap before GC invocations=1 (full 0):
 garbage-first heap   total 1048576K, used 142050K [0x0000000400800000, 0x0000000800000000)
  region size 8192K, 6 young (49152K), 1 survivors (8192K)
 Metaspace       used 21289K, committed 21504K, reserved 1114112K
  class space    used 2439K, committed 2560K, reserved 1048576K
}
Event: 6.617 GC heap after
{Heap after GC invocations=2 (full 0):
 garbage-first heap   total 1048576K, used 121113K [0x0000000400800000, 0x0000000800000000)
  region size 8192K, 1 young (8192K), 1 survivors (8192K)
 Metaspace       used 21289K, committed 21504K, reserved 1114112K
  class space    used 2439K, committed 2560K, reserved 1048576K
}
Event: 26.137 GC heap before
{Heap before GC invocations=3 (full 0):
 garbage-first heap   total 442368K, used 153881K [0x0000000400800000, 0x0000000800000000)
  region size 8192K, 4 young (32768K), 1 survivors (8192K)
 Metaspace       used 25533K, committed 25792K, reserved 1114112K
  class space    used 2963K, committed 3072K, reserved 1048576K
}

Deoptimization events (20 events):
Event: 9.894 Thread 0x00000183c51c8d90 DEOPT PACKING pc=0x00000183007d8bfe sp=0x000000602a4fcae0
Event: 9.894 Thread 0x00000183c51c8d90 DEOPT UNPACKING pc=0x0000018307582b43 sp=0x000000602a4fbea8 mode 0
Event: 9.895 Thread 0x00000183c51c8d90 DEOPT PACKING pc=0x00000183007d8bfe sp=0x000000602a4fcae0
Event: 9.895 Thread 0x00000183c51c8d90 DEOPT UNPACKING pc=0x0000018307582b43 sp=0x000000602a4fbea8 mode 0
Event: 9.895 Thread 0x00000183c51c8d90 DEOPT PACKING pc=0x00000183007d8bfe sp=0x000000602a4fcae0
Event: 9.895 Thread 0x00000183c51c8d90 DEOPT UNPACKING pc=0x0000018307582b43 sp=0x000000602a4fbea8 mode 0
Event: 11.278 Thread 0x00000183c51c8d90 DEOPT PACKING pc=0x00000183007d8da4 sp=0x000000602a4fd9a0
Event: 11.278 Thread 0x00000183c51c8d90 DEOPT UNPACKING pc=0x0000018307582b43 sp=0x000000602a4fcd68 mode 0
Event: 11.279 Thread 0x00000183c51c8d90 DEOPT PACKING pc=0x00000183007d88f7 sp=0x000000602a4fd560
Event: 11.279 Thread 0x00000183c51c8d90 DEOPT UNPACKING pc=0x0000018307582b43 sp=0x000000602a4fc928 mode 0
Event: 12.470 Thread 0x00000183c51c8d90 Uncommon trap: trap_request=0xffffff6e fr.pc=0x0000018307ce9228 relative=0x0000000000000548
Event: 12.470 Thread 0x00000183c51c8d90 Uncommon trap: reason=loop_limit_check action=maybe_recompile pc=0x0000018307ce9228 method=java.awt.EventDispatchThread.filterAndCheckEvent(Ljava/awt/AWTEvent;)Z @ 22 c2
Event: 12.470 Thread 0x00000183c51c8d90 DEOPT PACKING pc=0x0000018307ce9228 sp=0x000000602a4ff000
Event: 12.470 Thread 0x00000183c51c8d90 DEOPT UNPACKING pc=0x00000183075823a3 sp=0x000000602a4fef90 mode 2
Event: 12.470 Thread 0x00000183c51c8d90 Uncommon trap: trap_request=0xffffff6e fr.pc=0x0000018307ce9e10 relative=0x0000000000000250
Event: 12.470 Thread 0x00000183c51c8d90 Uncommon trap: reason=loop_limit_check action=maybe_recompile pc=0x0000018307ce9e10 method=java.awt.EventDispatchThread.filterAndCheckEvent(Ljava/awt/AWTEvent;)Z @ 22 c2
Event: 12.470 Thread 0x00000183c51c8d90 DEOPT PACKING pc=0x0000018307ce9e10 sp=0x000000602a4ff070
Event: 12.470 Thread 0x00000183c51c8d90 DEOPT UNPACKING pc=0x00000183075823a3 sp=0x000000602a4fefb0 mode 2
Event: 22.787 Thread 0x00000183c51c8d90 DEOPT PACKING pc=0x000001830069d237 sp=0x000000602a4fb9a0
Event: 22.787 Thread 0x00000183c51c8d90 DEOPT UNPACKING pc=0x0000018307582b43 sp=0x000000602a4fade0 mode 0

Classes unloaded (0 events):
No events

Classes redefined (0 events):
No events

Internal exceptions (20 events):
Event: 0.822 Thread 0x00000183c532bae0 Exception <a 'java/lang/UnsatisfiedLinkError'{0x000000043e9ec390}: The specified procedure could not be found.
> (0x000000043e9ec390) 
thrown [s\open\src\hotspot\share\prims\jni.cpp, line 535]
Event: 0.830 Thread 0x00000183c51c8d90 Exception <a 'java/lang/NoSuchMethodError'{0x000000043eaf23d0}: 'void java.lang.invoke.DirectMethodHandle$Holder.invokeVirtual(java.lang.Object, java.lang.Object, java.lang.Object, int, int, int, int, double)'> (0x000000043eaf23d0) 
thrown [s\open\src\hotspot\share\interpreter\linkResolver.cpp, line 759]
Event: 0.885 Thread 0x00000183c51c8d90 Exception <a 'java/lang/NoSuchMethodError'{0x000000043ebab118}: 'void java.lang.invoke.DirectMethodHandle$Holder.invokeSpecial(java.lang.Object, java.lang.Object, int)'> (0x000000043ebab118) 
thrown [s\open\src\hotspot\share\interpreter\linkResolver.cpp, line 759]
Event: 0.885 Thread 0x00000183c51c8d90 Exception <a 'java/lang/NoSuchMethodError'{0x000000043ebb12b8}: 'java.lang.Object java.lang.invoke.DirectMethodHandle$Holder.newInvokeSpecial(java.lang.Object, java.lang.Object, int)'> (0x000000043ebb12b8) 
thrown [s\open\src\hotspot\share\interpreter\linkResolver.cpp, line 759]
Event: 1.090 Thread 0x00000183c51c8d90 Exception <a 'java/lang/NoSuchMethodError'{0x000000043eefcf08}: 'java.lang.Object java.lang.invoke.DirectMethodHandle$Holder.invokeStaticInit(java.lang.Object, java.lang.Object, long, java.lang.Object)'> (0x000000043eefcf08) 
thrown [s\open\src\hotspot\share\interpreter\linkResolver.cpp, line 759]
Event: 1.090 Thread 0x00000183c51c8d90 Exception <a 'java/lang/NoSuchMethodError'{0x000000043ef034d8}: 'java.lang.Object java.lang.invoke.DirectMethodHandle$Holder.newInvokeSpecial(java.lang.Object, java.lang.Object, long)'> (0x000000043ef034d8) 
thrown [s\open\src\hotspot\share\interpreter\linkResolver.cpp, line 759]
Event: 1.091 Thread 0x00000183c51c8d90 Exception <a 'java/lang/NoSuchMethodError'{0x000000043ef072f0}: 'java.lang.Object java.lang.invoke.Invokers$Holder.linkToTargetMethod(java.lang.Object, long, java.lang.Object)'> (0x000000043ef072f0) 
thrown [s\open\src\hotspot\share\interpreter\linkResolver.cpp, line 759]
Event: 2.736 Thread 0x00000183c51c8d90 Exception <a 'java/lang/UnsatisfiedLinkError'{0x000000043e30c2e0}: The specified procedure could not be found.
> (0x000000043e30c2e0) 
thrown [s\open\src\hotspot\share\prims\jni.cpp, line 535]
Event: 2.745 Thread 0x00000183c51c8d90 Exception <a 'java/lang/UnsatisfiedLinkError'{0x000000043e35cab0}: The specified procedure could not be found.
> (0x000000043e35cab0) 
thrown [s\open\src\hotspot\share\prims\jni.cpp, line 535]
Event: 2.756 Thread 0x00000183c51c8d90 Exception <a 'java/lang/UnsatisfiedLinkError'{0x000000043e67d9a0}: The specified procedure could not be found.
> (0x000000043e67d9a0) 
thrown [s\open\src\hotspot\share\prims\jni.cpp, line 535]
Event: 2.756 Thread 0x00000183c51c8d90 Exception <a 'java/lang/UnsatisfiedLinkError'{0x000000043e67f338}: The specified procedure could not be found.
> (0x000000043e67f338) 
thrown [s\open\src\hotspot\share\prims\jni.cpp, line 535]
Event: 2.757 Thread 0x00000183c51c8d90 Exception <a 'java/lang/UnsatisfiedLinkError'{0x000000043e681200}: The specified procedure could not be found.
> (0x000000043e681200) 
thrown [s\open\src\hotspot\share\prims\jni.cpp, line 535]
Event: 2.757 Thread 0x00000183c51c8d90 Exception <a 'java/lang/UnsatisfiedLinkError'{0x000000043e684478}: The specified procedure could not be found.
> (0x000000043e684478) 
thrown [s\open\src\hotspot\share\prims\jni.cpp, line 535]
Event: 2.767 Thread 0x00000183c532c500 Implicit null exception at 0x0000018307bcb328 to 0x0000018307bcc13c
Event: 2.767 Thread 0x00000183c51c8d90 Exception <a 'java/lang/UnsatisfiedLinkError'{0x000000043e688b60}: The specified procedure could not be found.
> (0x000000043e688b60) 
thrown [s\open\src\hotspot\share\prims\jni.cpp, line 535]
Event: 2.769 Thread 0x00000183c51c8d90 Exception <a 'java/lang/UnsatisfiedLinkError'{0x000000043e68faa8}: The specified procedure could not be found.
> (0x000000043e68faa8) 
thrown [s\open\src\hotspot\share\prims\jni.cpp, line 535]
Event: 2.871 Thread 0x00000183c51c8d90 Exception <a 'java/lang/NoSuchMethodError'{0x00000004401ec818}: 'java.lang.Object java.lang.invoke.DirectMethodHandle$Holder.invokeInterface(java.lang.Object, java.lang.Object)'> (0x00000004401ec818) 
thrown [s\open\src\hotspot\share\interpreter\linkResolver.cpp, line 759]
Event: 6.936 Thread 0x00000183c51c8d90 Exception <a 'java/lang/NoSuchMethodError'{0x000000041a06eb18}: 'java.lang.Object java.lang.invoke.Invokers$Holder.invokeExact_MT(java.lang.Object, java.lang.Object, java.lang.Object, java.lang.Object, java.lang.Object, java.lang.Object)'> (0x000000041a06eb18) 
thrown [s\open\src\hotspot\share\interpreter\linkResolver.cpp, line 759]
Event: 6.975 Thread 0x00000183c51a9930 Exception <a 'java/lang/InterruptedException'{0x000000041a32b8d0}: sleep interrupted> (0x000000041a32b8d0) 
thrown [s\open\src\hotspot\share\prims\jvm.cpp, line 3038]
Event: 7.034 Thread 0x00000183c51c8d90 Exception <a 'java/lang/NoSuchMethodError'{0x000000041a51a330}: 'java.lang.Object java.lang.invoke.Invokers$Holder.invoke_MT(java.lang.Object, java.lang.Object, java.lang.Object)'> (0x000000041a51a330) 
thrown [s\open\src\hotspot\share\interpreter\linkResolver.cpp, line 759]

VM Operations (20 events):
Event: 19.612 Executing VM operation: Cleanup done
Event: 20.626 Executing VM operation: Cleanup
Event: 20.626 Executing VM operation: Cleanup done
Event: 21.638 Executing VM operation: Cleanup
Event: 21.638 Executing VM operation: Cleanup done
Event: 22.651 Executing VM operation: Cleanup
Event: 22.651 Executing VM operation: Cleanup done
Event: 23.655 Executing VM operation: Cleanup
Event: 23.655 Executing VM operation: Cleanup done
Event: 24.665 Executing VM operation: Cleanup
Event: 24.665 Executing VM operation: Cleanup done
Event: 25.322 Executing VM operation: HandshakeAllThreads
Event: 25.322 Executing VM operation: HandshakeAllThreads done
Event: 25.322 Executing VM operation: HeapIterateOperation
Event: 25.327 Executing VM operation: HeapIterateOperation done
Event: 25.341 Executing VM operation: HandshakeAllThreads
Event: 25.341 Executing VM operation: HandshakeAllThreads done
Event: 25.341 Executing VM operation: HeapIterateOperation
Event: 25.346 Executing VM operation: HeapIterateOperation done
Event: 26.137 Executing VM operation: G1CollectForAllocation

Events (20 events):
Event: 8.921 Thread 0x00000183c53fa040 Thread added: 0x00000183c53fa040
Event: 8.923 loading class sun/java2d/d3d/D3DSurfaceDataProxy
Event: 8.923 loading class sun/java2d/d3d/D3DSurfaceDataProxy done
Event: 8.923 loading class sun/java2d/StateTrackableDelegate$1
Event: 8.923 loading class sun/java2d/StateTrackableDelegate$1 done
Event: 9.182 Thread 0x00000183c53fa040 Thread exited: 0x00000183c53fa040
Event: 9.329 Thread 0x00000183cf4fc1c0 Thread exited: 0x00000183cf4fc1c0
Event: 12.015 Thread 0x00000183c51a9930 Thread exited: 0x00000183c51a9930
Event: 12.986 loading class javax/swing/event/MenuDragMouseEvent
Event: 12.986 loading class javax/swing/event/MenuDragMouseEvent done
Event: 13.344 Thread 0x00000183dadefb40 Thread added: 0x00000183dadefb40
Event: 13.452 Thread 0x00000183dadefb40 Thread exited: 0x00000183dadefb40
Event: 16.631 loading class java/lang/Throwable$WrappedPrintStream
Event: 16.632 loading class java/lang/Throwable$PrintStreamOrWriter
Event: 16.632 loading class java/lang/Throwable$PrintStreamOrWriter done
Event: 16.632 loading class java/lang/Throwable$WrappedPrintStream done
Event: 16.632 loading class java/lang/StackTraceElement$HashedModules
Event: 16.632 loading class java/lang/StackTraceElement$HashedModules done
Event: 18.854 Thread 0x00000183c6325010 Thread added: 0x00000183c6325010
Event: 19.115 Thread 0x00000183c6325010 Thread exited: 0x00000183c6325010


Dynamic libraries:
0x00007ff75d5d0000 - 0x00007ff75d5e0000 	C:\Program Files\Java\jdk-17\bin\java.exe
0x00007ffda0550000 - 0x00007ffda0748000 	C:\WINDOWS\SYSTEM32\ntdll.dll
0x00007ffda0140000 - 0x00007ffda0202000 	C:\WINDOWS\System32\KERNEL32.DLL
0x00007ffd9dbe0000 - 0x00007ffd9dedf000 	C:\WINDOWS\System32\KERNELBASE.dll
0x00007ffd9e3e0000 - 0x00007ffd9e4e0000 	C:\WINDOWS\System32\ucrtbase.dll
0x00007ffc70900000 - 0x00007ffc7091b000 	C:\Program Files\Java\jdk-17\bin\VCRUNTIME140.dll
0x00007ffc70600000 - 0x00007ffc70619000 	C:\Program Files\Java\jdk-17\bin\jli.dll
0x00007ffd9ed80000 - 0x00007ffd9ee31000 	C:\WINDOWS\System32\ADVAPI32.dll
0x00007ffda0210000 - 0x00007ffda02ae000 	C:\WINDOWS\System32\msvcrt.dll
0x00007ffd9f030000 - 0x00007ffd9f0cf000 	C:\WINDOWS\System32\sechost.dll
0x00007ffda02b0000 - 0x00007ffda03d3000 	C:\WINDOWS\System32\RPCRT4.dll
0x00007ffd9e130000 - 0x00007ffd9e157000 	C:\WINDOWS\System32\bcrypt.dll
0x00007ffd9e6e0000 - 0x00007ffd9e87d000 	C:\WINDOWS\System32\USER32.dll
0x00007ffd9e530000 - 0x00007ffd9e552000 	C:\WINDOWS\System32\win32u.dll
0x00007ffd9ee40000 - 0x00007ffd9ee6b000 	C:\WINDOWS\System32\GDI32.dll
0x00007ffd93200000 - 0x00007ffd9349a000 	C:\WINDOWS\WinSxS\amd64_microsoft.windows.common-controls_6595b64144ccf1df_6.0.19041.4355_none_60b8b9eb71f62e16\COMCTL32.dll
0x00007ffd9e160000 - 0x00007ffd9e277000 	C:\WINDOWS\System32\gdi32full.dll
0x00007ffd9dee0000 - 0x00007ffd9df7d000 	C:\WINDOWS\System32\msvcp_win.dll
0x00007ffd96750000 - 0x00007ffd9675a000 	C:\WINDOWS\SYSTEM32\VERSION.dll
0x00007ffd9ff60000 - 0x00007ffd9ff8f000 	C:\WINDOWS\System32\IMM32.DLL
0x00007ffc70c20000 - 0x00007ffc70c2c000 	C:\Program Files\Java\jdk-17\bin\vcruntime140_1.dll
0x00007ffc6dd20000 - 0x00007ffc6ddae000 	C:\Program Files\Java\jdk-17\bin\msvcp140.dll
0x00007ffc6b7e0000 - 0x00007ffc6c3c0000 	C:\Program Files\Java\jdk-17\bin\server\jvm.dll
0x00007ffd9f530000 - 0x00007ffd9f538000 	C:\WINDOWS\System32\PSAPI.DLL
0x00007ffd8e430000 - 0x00007ffd8e457000 	C:\WINDOWS\SYSTEM32\WINMM.dll
0x00007ffd8f410000 - 0x00007ffd8f419000 	C:\WINDOWS\SYSTEM32\WSOCK32.dll
0x00007ffd9f4c0000 - 0x00007ffd9f52b000 	C:\WINDOWS\System32\WS2_32.dll
0x00007ffd9ba80000 - 0x00007ffd9ba92000 	C:\WINDOWS\SYSTEM32\kernel.appcore.dll
0x00007ffc70bd0000 - 0x00007ffc70bda000 	C:\Program Files\Java\jdk-17\bin\jimage.dll
0x00007ffd8cfa0000 - 0x00007ffd8d184000 	C:\WINDOWS\SYSTEM32\DBGHELP.DLL
0x00007ffd8e9b0000 - 0x00007ffd8e9e4000 	C:\WINDOWS\SYSTEM32\dbgcore.DLL
0x00007ffd9dff0000 - 0x00007ffd9e072000 	C:\WINDOWS\System32\bcryptPrimitives.dll
0x00007ffc6dcf0000 - 0x00007ffc6dd15000 	C:\Program Files\Java\jdk-17\bin\java.dll
0x00007ffc6d740000 - 0x00007ffc6d817000 	C:\Program Files\Java\jdk-17\bin\jsvml.dll
0x00007ffd9f710000 - 0x00007ffd9fe7e000 	C:\WINDOWS\System32\SHELL32.dll
0x00007ffd9bc80000 - 0x00007ffd9c424000 	C:\WINDOWS\SYSTEM32\windows.storage.dll
0x00007ffd9f0d0000 - 0x00007ffd9f425000 	C:\WINDOWS\System32\combase.dll
0x00007ffd9d610000 - 0x00007ffd9d63f000 	C:\WINDOWS\SYSTEM32\Wldp.dll
0x00007ffd9e610000 - 0x00007ffd9e6dd000 	C:\WINDOWS\System32\OLEAUT32.dll
0x00007ffd9f540000 - 0x00007ffd9f5ed000 	C:\WINDOWS\System32\SHCORE.dll
0x00007ffd9f5f0000 - 0x00007ffd9f645000 	C:\WINDOWS\System32\shlwapi.dll
0x00007ffd9db10000 - 0x00007ffd9db34000 	C:\WINDOWS\SYSTEM32\profapi.dll
0x00007ffc6d720000 - 0x00007ffc6d739000 	C:\Program Files\Java\jdk-17\bin\net.dll
0x00007ffd98d60000 - 0x00007ffd98e6d000 	C:\WINDOWS\SYSTEM32\WINHTTP.dll
0x00007ffd9d370000 - 0x00007ffd9d3da000 	C:\WINDOWS\system32\mswsock.dll
0x00007ffc6d700000 - 0x00007ffc6d716000 	C:\Program Files\Java\jdk-17\bin\nio.dll
0x00007ffc6d6e0000 - 0x00007ffc6d6f8000 	C:\Program Files\Java\jdk-17\bin\zip.dll
0x00007ffd3fe30000 - 0x00007ffd3ffc1000 	C:\Program Files\Java\jdk-17\bin\awt.dll
0x00007ffd9a930000 - 0x00007ffd9a9c4000 	C:\WINDOWS\SYSTEM32\apphelp.dll
0x00007ffd796b0000 - 0x00007ffd796b6000 	C:\Users\Roger Du\AppData\Local\Temp\flatlaf.temp\flatlaf-windows-x86_64-139565758025000.dll
0x00007ffd9b780000 - 0x00007ffd9b7af000 	C:\WINDOWS\SYSTEM32\dwmapi.dll
0x00007ffd9b4f0000 - 0x00007ffd9b58e000 	C:\WINDOWS\system32\uxtheme.dll
0x00007ffda03f0000 - 0x00007ffda0505000 	C:\WINDOWS\System32\MSCTF.dll
0x00007ffd9eee0000 - 0x00007ffd9f00b000 	C:\WINDOWS\System32\ole32.dll
0x00007ffd724a0000 - 0x00007ffd72527000 	C:\Program Files\Java\jdk-17\bin\freetype.dll
0x00007ffd68ed0000 - 0x00007ffd68fb1000 	C:\Program Files\Java\jdk-17\bin\fontmanager.dll
0x00007ffce8ca0000 - 0x00007ffce8dc8000 	C:\WINDOWS\system32\opengl32.dll
0x00007ffd60390000 - 0x00007ffd603bc000 	C:\WINDOWS\SYSTEM32\GLU32.dll
0x00007ffd6e1b0000 - 0x00007ffd6e381000 	C:\WINDOWS\system32\d3d9.dll
0x00007ffd95090000 - 0x00007ffd95151000 	C:\WINDOWS\System32\DriverStore\FileRepository\nv_dispig.inf_amd64_0afec3f2050014a0\nvldumdx.dll
0x00007ffd9d7a0000 - 0x00007ffd9d7b2000 	C:\WINDOWS\SYSTEM32\msasn1.dll
0x00007ffd96710000 - 0x00007ffd96741000 	C:\WINDOWS\SYSTEM32\cryptnet.dll
0x00007ffd9e280000 - 0x00007ffd9e3dc000 	C:\WINDOWS\System32\CRYPT32.dll
0x00007ffd9d560000 - 0x00007ffd9d56c000 	C:\WINDOWS\SYSTEM32\cryptbase.dll
0x00007ffd96ae0000 - 0x00007ffd96c27000 	C:\WINDOWS\SYSTEM32\drvstore.dll
0x00007ffd9d970000 - 0x00007ffd9d9a3000 	C:\WINDOWS\SYSTEM32\devobj.dll
0x00007ffd9e4e0000 - 0x00007ffd9e52e000 	C:\WINDOWS\System32\cfgmgr32.dll
0x00007ffd9df80000 - 0x00007ffd9dfe9000 	C:\WINDOWS\System32\wintrust.dll
0x00007ffd9f010000 - 0x00007ffd9f02d000 	C:\WINDOWS\System32\imagehlp.dll
0x00007ffd9d570000 - 0x00007ffd9d588000 	C:\WINDOWS\SYSTEM32\CRYPTSP.dll
0x00007ffd9cc20000 - 0x00007ffd9cc54000 	C:\WINDOWS\system32\rsaenh.dll
0x00007ffd90590000 - 0x00007ffd9257e000 	C:\WINDOWS\System32\DriverStore\FileRepository\nv_dispig.inf_amd64_0afec3f2050014a0\nvgpucomp64.dll
0x00007ffcee8e0000 - 0x00007ffcf0374000 	C:\WINDOWS\System32\DriverStore\FileRepository\nv_dispig.inf_amd64_0afec3f2050014a0\nvd3dumx.dll
0x00007ffd510c0000 - 0x00007ffd51390000 	C:\WINDOWS\system32\nvspcap64.dll
0x00007ffd9ce70000 - 0x00007ffd9cea3000 	C:\WINDOWS\SYSTEM32\ntmarta.dll
0x00007ffd9c440000 - 0x00007ffd9c463000 	C:\WINDOWS\SYSTEM32\gpapi.dll
0x00007ffd57f90000 - 0x00007ffd580e5000 	C:\WINDOWS\System32\DriverStore\FileRepository\nv_dispig.inf_amd64_0afec3f2050014a0\nvppex.dll
0x00007ffd9a470000 - 0x00007ffd9a4ab000 	C:\WINDOWS\SYSTEM32\dxcore.dll
0x00007ffd9e560000 - 0x00007ffd9e609000 	C:\WINDOWS\System32\clbcatq.dll
0x00007ffd9b2a0000 - 0x00007ffd9b454000 	C:\WINDOWS\SYSTEM32\WindowsCodecs.dll
0x00007ffd64ca0000 - 0x00007ffd64cde000 	C:\WINDOWS\system32\dataexchange.dll
0x00007ffd99b90000 - 0x00007ffd99df3000 	C:\WINDOWS\system32\d3d11.dll
0x00007ffd99e00000 - 0x00007ffd99fe4000 	C:\WINDOWS\system32\dcomp.dll
0x00007ffd9c470000 - 0x00007ffd9c566000 	C:\WINDOWS\system32\dxgi.dll
0x00007ffd96c30000 - 0x00007ffd96e33000 	C:\WINDOWS\system32\twinapi.appcore.dll
0x00007ffd77be0000 - 0x00007ffd77be7000 	C:\Program Files\Java\jdk-17\bin\jawt.dll
0x00007ffd7ec00000 - 0x00007ffd7ecf9000 	C:\WINDOWS\SYSTEM32\textinputframework.dll
0x00007ffd9a370000 - 0x00007ffd9a462000 	C:\WINDOWS\System32\CoreMessaging.dll
0x00007ffd98a00000 - 0x00007ffd98d5b000 	C:\WINDOWS\System32\CoreUIComponents.dll
0x00007ffd988a0000 - 0x00007ffd989f7000 	C:\WINDOWS\SYSTEM32\wintypes.dll
0x00007ffd9da90000 - 0x00007ffd9dabe000 	C:\WINDOWS\SYSTEM32\USERENV.dll
0x00007ffd9d000000 - 0x00007ffd9d03b000 	C:\WINDOWS\SYSTEM32\IPHLPAPI.DLL
0x00007ffda03e0000 - 0x00007ffda03e8000 	C:\WINDOWS\System32\NSI.dll
0x00007ffd9adf0000 - 0x00007ffd9ae07000 	C:\WINDOWS\SYSTEM32\dhcpcsvc6.DLL
0x00007ffd9adb0000 - 0x00007ffd9adcd000 	C:\WINDOWS\SYSTEM32\dhcpcsvc.DLL
0x00007ffd9d050000 - 0x00007ffd9d11a000 	C:\WINDOWS\SYSTEM32\DNSAPI.dll
0x00007ffd72430000 - 0x00007ffd72479000 	C:\Users\Roger Du\AppData\Local\Temp\jna--344272486\jna5120916127623848151.dll
0x00007ffccd450000 - 0x00007ffccd76a000 	C:\Users\ROGERD~1\AppData\Local\Temp\jrev10885947618640252181.dll

dbghelp: loaded successfully - version: 4.0.5 - missing functions: none
symbol engine: initialized successfully - sym options: 0x614 - pdb path: .;C:\Program Files\Java\jdk-17\bin;C:\WINDOWS\SYSTEM32;C:\WINDOWS\WinSxS\amd64_microsoft.windows.common-controls_6595b64144ccf1df_6.0.19041.4355_none_60b8b9eb71f62e16;C:\Program Files\Java\jdk-17\bin\server;C:\Users\Roger Du\AppData\Local\Temp\flatlaf.temp;C:\WINDOWS\System32\DriverStore\FileRepository\nv_dispig.inf_amd64_0afec3f2050014a0;C:\Users\Roger Du\AppData\Local\Temp\jna--344272486;C:\Users\ROGERD~1\AppData\Local\Temp

VM Arguments:
jvm_args: -Dfile.encoding=windows-1252 -Duser.country=AU -Duser.language=en -Duser.variant 
java_command: org.jdbg.Main
java_class_path (initial): C:\Users\Roger Du\Documents\projects\Jdbg\JDBG APP\build\classes\java\main;C:\Users\Roger Du\Documents\projects\Jdbg\JDBG APP\build\resources\main;C:\Users\Roger Du\Documents\projects\Jdbg\JDBG APP\libs\vineflower-1.10.1.jar;C:\Users\Roger Du\Documents\gradle-4.10.3\caches\modules-2\files-2.1\com.formdev\flatlaf\3.5.4\cd61f9fc2550473fdacebc205a68e24a065f6fdf\flatlaf-3.5.4.jar;C:\Users\Roger Du\Documents\gradle-4.10.3\caches\modules-2\files-2.1\net.java.dev.jna\jna-platform\5.16.0\b2a9065f97c166893d504b164706512338e3bbc2\jna-platform-5.16.0.jar;C:\Users\Roger Du\Documents\gradle-4.10.3\caches\modules-2\files-2.1\com.fifesoft\rsyntaxtextarea\3.5.3\55530b801d3ba6c363d9eb345c1fcfeb67e6c50b\rsyntaxtextarea-3.5.3.jar;C:\Users\Roger Du\Documents\gradle-4.10.3\caches\modules-2\files-2.1\com.fasterxml.jackson.core\jackson-annotations\2.18.2\985d77751ebc7fce5db115a986bc9aa82f973f4a\jackson-annotations-2.18.2.jar;C:\Users\Roger Du\Documents\gradle-4.10.3\caches\modules-2\files-2.1\com.fasterxml.jackson.core\jackson-core\2.18.2\fb64ccac5c27dca8819418eb4e443a9f496d9ee7\jackson-core-2.18.2.jar;C:\Users\Roger Du\Documents\gradle-4.10.3\caches\modules-2\files-2.1\com.fasterxml.jackson.core\jackson-databind\2.18.2\deef8697b92141fb6caf7aa86966cff4eec9b04f\jackson-databind-2.18.2.jar;C:\Users\Roger Du\Documents\gradle-4.10.3\caches\modules-2\files-2.1\org.jgrapht\jgrapht-ext\1.5.2\ef33aa5cb785e09a0410db87ae44816b1c6dae36\jgrapht-ext-1.5.2.jar;C:\Users\Roger Du\Documents\gradle-4.10.3\caches\modules-2\files-2.1\org.jgrapht\jgrapht-core\1.5.2\bea9b92d4ff37111f8e3d58cd8cf0714e5c83774\jgrapht-core-1.5.2.jar;C:\Users\Roger Du\Documents\gradle-4.10.3\caches\modules-2\files-2.1\com.github.vlsi.mxgraph\jgraphx\4.2.2\9701b6b3a42d24658cf78ac0229429a3597f600\jgraphx-4.2.2.jar;C:\Users\Roger Du\Documents\gradle-4.10.3\caches\modules-2\files-2.1\net.java.dev.jna\jna\5.16.0\ebea09f91dc9f7048099f963fb8d6f919f0a4d9c\jna-5.16.0.jar;C:\Users\Roger Du\Documents\gradle-4.10.3
Launcher Type: SUN_STANDARD

[Global flags]
     intx CICompilerCount                          = 4                                         {product} {ergonomic}
     uint ConcGCThreads                            = 2                                         {product} {ergonomic}
     uint G1ConcRefinementThreads                  = 8                                         {product} {ergonomic}
   size_t G1HeapRegionSize                         = 8388608                                   {product} {ergonomic}
    uintx GCDrainStackTargetSize                   = 64                                        {product} {ergonomic}
   size_t InitialHeapSize                          = 1073741824                                {product} {ergonomic}
   size_t MarkStackSize                            = 4194304                                   {product} {ergonomic}
   size_t MaxHeapSize                              = 17171480576                               {product} {ergonomic}
   size_t MaxNewSize                               = 10301210624                               {product} {ergonomic}
   size_t MinHeapDeltaBytes                        = 8388608                                   {product} {ergonomic}
   size_t MinHeapSize                              = 8388608                                   {product} {ergonomic}
    uintx NonNMethodCodeHeapSize                   = 5839372                                {pd product} {ergonomic}
    uintx NonProfiledCodeHeapSize                  = 122909434                              {pd product} {ergonomic}
    uintx ProfiledCodeHeapSize                     = 122909434                              {pd product} {ergonomic}
    uintx ReservedCodeCacheSize                    = 251658240                              {pd product} {ergonomic}
     bool SegmentedCodeCache                       = true                                      {product} {ergonomic}
   size_t SoftMaxHeapSize                          = 17171480576                            {manageable} {ergonomic}
     bool UseCompressedClassPointers               = true                           {product lp64_product} {ergonomic}
     bool UseCompressedOops                        = true                           {product lp64_product} {ergonomic}
     bool UseG1GC                                  = true                                      {product} {ergonomic}
     bool UseLargePagesIndividualAllocation        = false                                  {pd product} {ergonomic}

Logging:
Log output configuration:
 #0: stdout all=warning uptime,level,tags
 #1: stderr all=off uptime,level,tags

Environment Variables:
PATH=C:\Program Files (x86)\OpenLogic\jdk-8.0.432.06-hotspot\bin;C:\Program Files\Common Files\Oracle\Java\javapath;C:\Program Files (x86)\Common Files\Oracle\Java\java8path;C:\Program Files (x86)\Common Files\Oracle\Java\javapath;C:\Program Files (x86)\Razer Chroma SDK\bin;C:\Program Files\Razer Chroma SDK\bin;C:\Program Files (x86)\Razer\ChromaBroadcast\bin;C:\Program Files\Razer\ChromaBroadcast\bin;C:\Program Files\PlasticSCM5\server;C:\Program Files\PlasticSCM5\client;C:\Program Files\NVIDIA\CUDNN\v9.2\bin;C:\Program Files\NVIDIA GPU Computing Toolkit\CUDA\v12.5\bin;C:\Program Files\NVIDIA GPU Computing Toolkit\CUDA\v12.5\libnvvp;C:\Program Files\OpenLogic\jdk-17.0.5.8-hotspot\bin;C:\Program Files\OpenLogic\jdk-8.0.372.07-hotspot\bin;C:\Program Files\Zulu\zulu-11\bin\;C:\Program Files\Zulu\zulu-8\bin\;C:\Program Files (x86)\Zulu\zulu-8\bin\;C:\Program Files (x86)\VMware\VMware Player\bin\;C:\WINDOWS\system32;C:\WINDOWS;C:\WINDOWS\System32\Wbem;C:\WINDOWS\System32\WindowsPowerShell\v1.0\;C:\WINDOWS\System32\OpenSSH\;C:\Program Files\Git\cmd;C:\Program Files\NVIDIA Corporation\NVIDIA NvDLISR;C:\Program Files (x86)\NVIDIA Corporation\PhysX\Common;C:\Program Files\Calibre2\;C:\Program Files\PuTTY\;C:\Program Files\dotnet\;C:\Program Files (x86)\Windows Kits\10\Windows Performance Toolkit\;C:\Program Files\playit_gg\bin\;C:\Program Files\NVIDIA Corporation\Nsight Compute 2024.2.1\;C:\ProgramData\chocolatey\bin;C:\Program Files\Cloudflare\Cloudflare WARP\;C:\WINDOWS\system32\config\systemprofile\AppData\Local\Microsoft\WindowsApps;C:\Program Files\BinDiff\bin;C:\Users\Roger Du\.cargo\bin;C:\Users\Roger Du\AppData\Local\Microsoft\WindowsApps;C:\Users\Roger Du\AppData\Local\Programs\Microsoft VS Code\bin;C:\Users\Roger Du\.dotnet\tools;C:\msys64\ucrt64\bin;C:\Program Files\Neovim\bin;C:\Program Files (x86)\Dr. Memory\bin\
USERNAME=Roger Du
OS=Windows_NT
PROCESSOR_IDENTIFIER=AMD64 Family 25 Model 33 Stepping 0, AuthenticAMD



---------------  S Y S T E M  ---------------

OS:
 Windows 10 , 64 bit Build 19041 (10.0.19041.5198)
OS uptime: 0 days 3:53 hours

CPU: total 8 (initial active 8) (8 cores per cpu, 1 threads per core) family 25 model 33 stepping 0 microcode 0x0, cx8, cmov, fxsr, mmx, 3dnowpref, sse, sse2, sse3, ssse3, sse4a, sse4.1, sse4.2, popcnt, lzcnt, tsc, tscinvbit, avx, avx2, aes, erms, clmul, bmi1, bmi2, adx, sha, fma, vzeroupper, clflush, clflushopt

Memory: 4k page, system-wide physical 65479M (36418M free)
TotalPageFile size 75207M (AvailPageFile size 33121M)
current process WorkingSet (physical memory assigned to process): 366M, peak: 410M
current process commit charge ("private bytes"): 763M, peak: 1391M

vm_info: Java HotSpot(TM) 64-Bit Server VM (17.0.12+8-LTS-286) for windows-amd64 JRE (17.0.12+8-LTS-286), built on Jun  5 2024 06:46:59 by "mach5one" with MS VC++ 17.6 (VS2022)

END.
